The system is: Windows - 10.0.18362 - AMD64
Compiling the C compiler identification source file "CMakeCCompilerId.c" succeeded.
Compiler: C:/Program Files (x86)/Microsoft Visual Studio 14.0/VC/bin/x86_amd64/cl.exe 
Build flags: 
Id flags:  

The output was:
0
用于 x64 的 Microsoft (R) C/C++ 优化编译器 19.00.24215.1 版
版权所有(C) Microsoft Corporation。保留所有权利。

CMakeCCompilerId.c
Microsoft (R) Incremental Linker Version 14.00.24215.1
Copyright (C) Microsoft Corporation.  All rights reserved.

/out:CMakeCCompilerId.exe 
CMakeCCompilerId.obj 


Compilation of the C compiler identification source "CMakeCCompilerId.c" produced "CMakeCCompilerId.exe"

Compilation of the C compiler identification source "CMakeCCompilerId.c" produced "CMakeCCompilerId.obj"

The C compiler identification is MSVC, found in "D:/CMakeProjects/GLFW3.3Stable/cmake-build-debug/CMakeFiles/3.17.3/CompilerIdC/CMakeCCompilerId.exe"

Determining if the C compiler works passed with the following output:
Change Dir: D:/CMakeProjects/GLFW3.3Stable/cmake-build-debug/CMakeFiles/CMakeTmp

Run Build Command(s):nmake /nologo cmTC_f6a07\fast && 	"C:\Program Files (x86)\Microsoft Visual Studio 14.0\VC\BIN\nmake.exe"  -f CMakeFiles\cmTC_f6a07.dir\build.make /nologo -L                  CMakeFiles\cmTC_f6a07.dir\build
Building C object CMakeFiles/cmTC_f6a07.dir/testCCompiler.c.obj
	C:\PROGRA~2\MICROS~1.0\VC\bin\X86_AM~1\cl.exe @C:\Users\jasper.li\AppData\Local\Temp\nmBC99.tmp
testCCompiler.c
Linking C executable cmTC_f6a07.exe
	"C:\Program Files\JetBrains\CLion 2020.2.4\bin\cmake\win\bin\cmake.exe" -E vs_link_exe --intdir=CMakeFiles\cmTC_f6a07.dir --rc=C:\PROGRA~2\WINDOW~4\10\bin\100190~1.0\x64\rc.exe --mt=C:\PROGRA~2\WINDOW~4\10\bin\100190~1.0\x64\mt.exe --manifests  -- C:\PROGRA~2\MICROS~1.0\VC\bin\X86_AM~1\link.exe /nologo @CMakeFiles\cmTC_f6a07.dir\objects1.rsp @C:\Users\jasper.li\AppData\Local\Temp\nmBDA4.tmp



Detecting C compiler ABI info compiled with the following output:
Change Dir: D:/CMakeProjects/GLFW3.3Stable/cmake-build-debug/CMakeFiles/CMakeTmp

Run Build Command(s):nmake /nologo cmTC_33bf1\fast && 	"C:\Program Files (x86)\Microsoft Visual Studio 14.0\VC\BIN\nmake.exe"  -f CMakeFiles\cmTC_33bf1.dir\build.make /nologo -L                  CMakeFiles\cmTC_33bf1.dir\build
Building C object CMakeFiles/cmTC_33bf1.dir/CMakeCCompilerABI.c.obj
	C:\PROGRA~2\MICROS~1.0\VC\bin\X86_AM~1\cl.exe @C:\Users\jasper.li\AppData\Local\Temp\nmC2F2.tmp
CMakeCCompilerABI.c
Linking C executable cmTC_33bf1.exe
	"C:\Program Files\JetBrains\CLion 2020.2.4\bin\cmake\win\bin\cmake.exe" -E vs_link_exe --intdir=CMakeFiles\cmTC_33bf1.dir --rc=C:\PROGRA~2\WINDOW~4\10\bin\100190~1.0\x64\rc.exe --mt=C:\PROGRA~2\WINDOW~4\10\bin\100190~1.0\x64\mt.exe --manifests  -- C:\PROGRA~2\MICROS~1.0\VC\bin\X86_AM~1\link.exe /nologo @CMakeFiles\cmTC_33bf1.dir\objects1.rsp @C:\Users\jasper.li\AppData\Local\Temp\nmC3FD.tmp



